[debug] [2021-03-03T10:13:46.538Z] ----------------------------------------------------------------------
[debug] [2021-03-03T10:13:46.543Z] Command:       C:\Program Files\nodejs\node.exe C:\Users\Abdullahi shidane\AppData\Roaming\npm\node_modules\firebase-tools\lib\bin\firebase.js emulators:start --only functions
[debug] [2021-03-03T10:13:46.544Z] CLI Version:   9.4.0
[debug] [2021-03-03T10:13:46.544Z] Platform:      win32
[debug] [2021-03-03T10:13:46.545Z] Node Version:  v14.13.1
[debug] [2021-03-03T10:13:46.547Z] Time:          Wed Mar 03 2021 10:13:46 GMT+0000 (Greenwich Mean Time)
[debug] [2021-03-03T10:13:46.548Z] ----------------------------------------------------------------------
[debug] [2021-03-03T10:13:46.548Z] 
[debug] [2021-03-03T10:13:46.573Z] > command requires scopes: ["email","openid","https://www.googleapis.com/auth/cloudplatformprojects.readonly","https://www.googleapis.com/auth/firebase","https://www.googleapis.com/auth/cloud-platform"]
[debug] [2021-03-03T10:13:46.574Z] > authorizing via signed-in user
[info] i  emulators: Starting emulators: functions {"metadata":{"emulator":{"name":"hub"},"message":"Starting emulators: functions"}}
[debug] [2021-03-03T10:13:46.634Z] [hub] writing locator at C:\Users\ABDULL~1\AppData\Local\Temp\hub-azoq-world.json
[warn] !  functions: The following emulators are not running, calls to these services from the Functions emulator will affect production: auth, firestore, database, hosting, pubsub {"metadata":{"emulator":{"name":"functions"},"message":"The following emulators are not running, calls to these services from the Functions emulator will affect production: \u001b[1mauth, firestore, database, hosting, pubsub\u001b[22m"}}
[warn] !  Your requested "node" version "12" doesn't match your global version "14" {"metadata":{"emulator":{"name":"functions"},"message":"Your requested \"node\" version \"12\" doesn't match your global version \"14\""}}
[debug] [2021-03-03T10:13:46.741Z] defaultcredentials: writing to file C:\Users\Abdullahi shidane\AppData\Roaming\firebase\shidaneabdullahi_gmail_com_application_default_credentials.json
[debug] [2021-03-03T10:13:46.748Z] Setting GAC to C:\Users\Abdullahi shidane\AppData\Roaming\firebase\shidaneabdullahi_gmail_com_application_default_credentials.json {"metadata":{"emulator":{"name":"functions"},"message":"Setting GAC to C:\\Users\\Abdullahi shidane\\AppData\\Roaming\\firebase\\shidaneabdullahi_gmail_com_application_default_credentials.json"}}
[debug] [2021-03-03T10:13:46.753Z] > refreshing access token with scopes: []
[debug] [2021-03-03T10:13:46.754Z] >>> HTTP REQUEST POST https://www.googleapis.com/oauth2/v3/token  
 <request body omitted>
[debug] [2021-03-03T10:13:46.870Z] <<< HTTP RESPONSE 200 {"cache-control":"no-cache, no-store, max-age=0, must-revalidate","date":"Wed, 03 Mar 2021 10:13:46 GMT","pragma":"no-cache","expires":"Mon, 01 Jan 1990 00:00:00 GMT","content-type":"application/json; charset=utf-8","vary":"X-Origin, Referer, Origin,Accept-Encoding","server":"scaffolding on HTTPServer2","x-xss-protection":"0","x-frame-options":"SAMEORIGIN","x-content-type-options":"nosniff","alt-svc":"h3-29=\":443\"; ma=2592000,h3-T051=\":443\"; ma=2592000,h3-Q050=\":443\"; ma=2592000,h3-Q046=\":443\"; ma=2592000,h3-Q043=\":443\"; ma=2592000,quic=\":443\"; ma=2592000; v=\"46,43\"","accept-ranges":"none","transfer-encoding":"chunked"}
[debug] [2021-03-03T10:13:46.884Z] >>> [apiv2][query] GET https://firebase.googleapis.com/v1beta1/projects/azoq-world/adminSdkConfig [none]
[debug] [2021-03-03T10:13:47.289Z] <<< [apiv2][status] GET https://firebase.googleapis.com/v1beta1/projects/azoq-world/adminSdkConfig 200
[debug] [2021-03-03T10:13:47.289Z] <<< [apiv2][body] GET https://firebase.googleapis.com/v1beta1/projects/azoq-world/adminSdkConfig {"projectId":"azoq-world","databaseURL":"https://azoq-world.firebaseio.com","storageBucket":"azoq-world.appspot.com","locationId":"europe-west"}
[debug] [2021-03-03T10:13:47.353Z] Ignoring unsupported arg: auto_download {"metadata":{"emulator":{"name":"ui"},"message":"Ignoring unsupported arg: auto_download"}}
[debug] [2021-03-03T10:13:47.354Z] Ignoring unsupported arg: port {"metadata":{"emulator":{"name":"ui"},"message":"Ignoring unsupported arg: port"}}
[debug] [2021-03-03T10:13:47.354Z] Starting Emulator UI with command {"binary":"node","args":["C:\\Users\\Abdullahi shidane\\.cache\\firebase\\emulators\\ui-v1.4.1\\server.bundle.js"],"optionalArgs":[],"joinArgs":false} {"metadata":{"emulator":{"name":"ui"},"message":"Starting Emulator UI with command {\"binary\":\"node\",\"args\":[\"C:\\\\Users\\\\Abdullahi shidane\\\\.cache\\\\firebase\\\\emulators\\\\ui-v1.4.1\\\\server.bundle.js\"],\"optionalArgs\":[],\"joinArgs\":false}"}}
[info] i  ui: Emulator UI logging to ui-debug.log {"metadata":{"emulator":{"name":"ui"},"message":"Emulator UI logging to \u001b[1mui-debug.log\u001b[22m"}}
[debug] [2021-03-03T10:13:47.728Z] Web / API server started at http://localhost:4000
 {"metadata":{"emulator":{"name":"ui"},"message":"Web / API server started at http://localhost:4000\n"}}
[info] i  functions: Watching "C:\Users\Abdullahi shidane\Documents\react\react\functions" for Cloud Functions... {"metadata":{"emulator":{"name":"functions"},"message":"Watching \"C:\\Users\\Abdullahi shidane\\Documents\\react\\react\\functions\" for Cloud Functions..."}}
[debug] [2021-03-03T10:13:47.985Z] [worker-pool] addWorker(~diagnostic~) {"metadata":{"emulator":{"name":"functions"},"message":"[worker-pool] addWorker(~diagnostic~)"}}
[debug] [2021-03-03T10:13:47.986Z] [worker-pool] Adding worker with key ~diagnostic~, total=1 {"metadata":{"emulator":{"name":"functions"},"message":"[worker-pool] Adding worker with key ~diagnostic~, total=1"}}
[debug] [2021-03-03T10:13:47.986Z] [worker-pool] submitWork(triggerId=) {"metadata":{"emulator":{"name":"functions"},"message":"[worker-pool] submitWork(triggerId=)"}}
[debug] [2021-03-03T10:13:47.988Z] [worker-~diagnostic~-4e170e4b-0e8e-489c-9c81-e72b359958da]: Assigning socketPath: \\?\pipe\C:\Users\Abdullahi shidane\Documents\react\react\functions\1656 {"metadata":{"emulator":{"name":"functions"},"message":"[worker-~diagnostic~-4e170e4b-0e8e-489c-9c81-e72b359958da]: Assigning socketPath: \\\\?\\pipe\\C:\\Users\\Abdullahi shidane\\Documents\\react\\react\\functions\\1656"}}
[debug] [2021-03-03T10:13:47.989Z] [worker-~diagnostic~-4e170e4b-0e8e-489c-9c81-e72b359958da]: BUSY {"metadata":{"emulator":{"name":"functions"},"message":"[worker-~diagnostic~-4e170e4b-0e8e-489c-9c81-e72b359958da]: BUSY"}}
[debug] [2021-03-03T10:13:48.497Z] [runtime-status] [1656] Functions runtime initialized. {"cwd":"C:\\Users\\Abdullahi shidane\\Documents\\react\\react\\functions","node_version":"14.13.1"} {"metadata":{"emulator":{"name":"functions"},"message":"[runtime-status] [1656] Functions runtime initialized. {\"cwd\":\"C:\\\\Users\\\\Abdullahi shidane\\\\Documents\\\\react\\\\react\\\\functions\",\"node_version\":\"14.13.1\"}"}}
[debug] [2021-03-03T10:13:48.498Z] [runtime-status] [1656] Disabled runtime features: undefined {"metadata":{"emulator":{"name":"functions"},"message":"[runtime-status] [1656] Disabled runtime features: undefined"}}
[debug] [2021-03-03T10:13:48.509Z] [runtime-status] [1656] Resolved module firebase-admin {"declared":true,"installed":true,"version":"9.4.2","resolution":"C:\\Users\\Abdullahi shidane\\Documents\\react\\react\\functions\\node_modules\\firebase-admin\\lib\\index.js"} {"metadata":{"emulator":{"name":"functions"},"message":"[runtime-status] [1656] Resolved module firebase-admin {\"declared\":true,\"installed\":true,\"version\":\"9.4.2\",\"resolution\":\"C:\\\\Users\\\\Abdullahi shidane\\\\Documents\\\\react\\\\react\\\\functions\\\\node_modules\\\\firebase-admin\\\\lib\\\\index.js\"}"}}
[debug] [2021-03-03T10:13:48.516Z] [runtime-status] [1656] Resolved module firebase-functions {"declared":true,"installed":true,"version":"3.13.0","resolution":"C:\\Users\\Abdullahi shidane\\Documents\\react\\react\\functions\\node_modules\\firebase-functions\\lib\\index.js"} {"metadata":{"emulator":{"name":"functions"},"message":"[runtime-status] [1656] Resolved module firebase-functions {\"declared\":true,\"installed\":true,\"version\":\"3.13.0\",\"resolution\":\"C:\\\\Users\\\\Abdullahi shidane\\\\Documents\\\\react\\\\react\\\\functions\\\\node_modules\\\\firebase-functions\\\\lib\\\\index.js\"}"}}
[debug] [2021-03-03T10:13:48.520Z] [runtime-status] [1656] Resolved module firebase-functions {"declared":true,"installed":true,"version":"3.13.0","resolution":"C:\\Users\\Abdullahi shidane\\Documents\\react\\react\\functions\\node_modules\\firebase-functions\\lib\\index.js"} {"metadata":{"emulator":{"name":"functions"},"message":"[runtime-status] [1656] Resolved module firebase-functions {\"declared\":true,\"installed\":true,\"version\":\"3.13.0\",\"resolution\":\"C:\\\\Users\\\\Abdullahi shidane\\\\Documents\\\\react\\\\react\\\\functions\\\\node_modules\\\\firebase-functions\\\\lib\\\\index.js\"}"}}
[debug] [2021-03-03T10:13:48.525Z] [runtime-status] [1656] Outgoing network have been stubbed. [{"name":"http","status":"mocked"},{"name":"http","status":"mocked"},{"name":"https","status":"mocked"},{"name":"https","status":"mocked"},{"name":"net","status":"mocked"}] {"metadata":{"emulator":{"name":"functions"},"message":"[runtime-status] [1656] Outgoing network have been stubbed. [{\"name\":\"http\",\"status\":\"mocked\"},{\"name\":\"http\",\"status\":\"mocked\"},{\"name\":\"https\",\"status\":\"mocked\"},{\"name\":\"https\",\"status\":\"mocked\"},{\"name\":\"net\",\"status\":\"mocked\"}]"}}
[debug] [2021-03-03T10:13:48.527Z] [runtime-status] [1656] Resolved module firebase-functions {"declared":true,"installed":true,"version":"3.13.0","resolution":"C:\\Users\\Abdullahi shidane\\Documents\\react\\react\\functions\\node_modules\\firebase-functions\\lib\\index.js"} {"metadata":{"emulator":{"name":"functions"},"message":"[runtime-status] [1656] Resolved module firebase-functions {\"declared\":true,\"installed\":true,\"version\":\"3.13.0\",\"resolution\":\"C:\\\\Users\\\\Abdullahi shidane\\\\Documents\\\\react\\\\react\\\\functions\\\\node_modules\\\\firebase-functions\\\\lib\\\\index.js\"}"}}
[debug] [2021-03-03T10:13:48.906Z] [runtime-status] [1656] Checked functions.config() {"config":{}} {"metadata":{"emulator":{"name":"functions"},"message":"[runtime-status] [1656] Checked functions.config() {\"config\":{}}"}}
[debug] [2021-03-03T10:13:48.907Z] [runtime-status] [1656] firebase-functions has been stubbed. {"functionsResolution":{"declared":true,"installed":true,"version":"3.13.0","resolution":"C:\\Users\\Abdullahi shidane\\Documents\\react\\react\\functions\\node_modules\\firebase-functions\\lib\\index.js"}} {"metadata":{"emulator":{"name":"functions"},"message":"[runtime-status] [1656] firebase-functions has been stubbed. {\"functionsResolution\":{\"declared\":true,\"installed\":true,\"version\":\"3.13.0\",\"resolution\":\"C:\\\\Users\\\\Abdullahi shidane\\\\Documents\\\\react\\\\react\\\\functions\\\\node_modules\\\\firebase-functions\\\\lib\\\\index.js\"}}"}}
[debug] [2021-03-03T10:13:48.908Z] [runtime-status] [1656] Resolved module firebase-functions {"declared":true,"installed":true,"version":"3.13.0","resolution":"C:\\Users\\Abdullahi shidane\\Documents\\react\\react\\functions\\node_modules\\firebase-functions\\lib\\index.js"} {"metadata":{"emulator":{"name":"functions"},"message":"[runtime-status] [1656] Resolved module firebase-functions {\"declared\":true,\"installed\":true,\"version\":\"3.13.0\",\"resolution\":\"C:\\\\Users\\\\Abdullahi shidane\\\\Documents\\\\react\\\\react\\\\functions\\\\node_modules\\\\firebase-functions\\\\lib\\\\index.js\"}"}}
[debug] [2021-03-03T10:13:48.910Z] [runtime-status] [1656] Resolved module firebase-admin {"declared":true,"installed":true,"version":"9.4.2","resolution":"C:\\Users\\Abdullahi shidane\\Documents\\react\\react\\functions\\node_modules\\firebase-admin\\lib\\index.js"} {"metadata":{"emulator":{"name":"functions"},"message":"[runtime-status] [1656] Resolved module firebase-admin {\"declared\":true,\"installed\":true,\"version\":\"9.4.2\",\"resolution\":\"C:\\\\Users\\\\Abdullahi shidane\\\\Documents\\\\react\\\\react\\\\functions\\\\node_modules\\\\firebase-admin\\\\lib\\\\index.js\"}"}}
[debug] [2021-03-03T10:13:48.911Z] [runtime-status] [1656] Resolved module firebase-functions {"declared":true,"installed":true,"version":"3.13.0","resolution":"C:\\Users\\Abdullahi shidane\\Documents\\react\\react\\functions\\node_modules\\firebase-functions\\lib\\index.js"} {"metadata":{"emulator":{"name":"functions"},"message":"[runtime-status] [1656] Resolved module firebase-functions {\"declared\":true,\"installed\":true,\"version\":\"3.13.0\",\"resolution\":\"C:\\\\Users\\\\Abdullahi shidane\\\\Documents\\\\react\\\\react\\\\functions\\\\node_modules\\\\firebase-functions\\\\lib\\\\index.js\"}"}}
[debug] [2021-03-03T10:13:48.911Z] [runtime-status] [1656] firebase-admin has been stubbed. {"adminResolution":{"declared":true,"installed":true,"version":"9.4.2","resolution":"C:\\Users\\Abdullahi shidane\\Documents\\react\\react\\functions\\node_modules\\firebase-admin\\lib\\index.js"}} {"metadata":{"emulator":{"name":"functions"},"message":"[runtime-status] [1656] firebase-admin has been stubbed. {\"adminResolution\":{\"declared\":true,\"installed\":true,\"version\":\"9.4.2\",\"resolution\":\"C:\\\\Users\\\\Abdullahi shidane\\\\Documents\\\\react\\\\react\\\\functions\\\\node_modules\\\\firebase-admin\\\\lib\\\\index.js\"}}"}}
[info] +  functions[api]: http function initialized (http://localhost:5001/azoq-world/us-central1/api). {"metadata":{"emulator":{"name":"functions"},"message":"\u001b[1mhttp\u001b[22m function initialized (http://localhost:5001/azoq-world/us-central1/api)."}}
[info] 
┌─────────────────────────────────────────────────────────────┐
│ ✔  All emulators ready! It is now safe to connect your app. │
│ i  View Emulator UI at http://localhost:4000                │
└─────────────────────────────────────────────────────────────┘

┌───────────┬────────────────┬─────────────────────────────────┐
│ Emulator  │ Host:Port      │ View in Emulator UI             │
├───────────┼────────────────┼─────────────────────────────────┤
│ Functions │ localhost:5001 │ http://localhost:4000/functions │
└───────────┴────────────────┴─────────────────────────────────┘
  Emulator Hub running at localhost:4400
  Other reserved ports: 4500

Issues? Report them at https://github.com/firebase/firebase-tools/issues and attach the *-debug.log files.
 
[debug] [2021-03-03T10:13:49.544Z] [worker-~diagnostic~-4e170e4b-0e8e-489c-9c81-e72b359958da]: IDLE {"metadata":{"emulator":{"name":"functions"},"message":"[worker-~diagnostic~-4e170e4b-0e8e-489c-9c81-e72b359958da]: IDLE"}}
[debug] [2021-03-03T10:46:37.884Z] Received signal SIGHUP 1
[debug] [2021-05-06T13:29:19.316Z] ----------------------------------------------------------------------
[debug] [2021-05-06T13:29:19.319Z] Command:       C:\Program Files\nodejs\node.exe C:\Users\Abdullahi shidane\AppData\Roaming\npm\node_modules\firebase-tools\lib\bin\firebase.js emulators:start --only functions
[debug] [2021-05-06T13:29:19.319Z] CLI Version:   9.4.0
[debug] [2021-05-06T13:29:19.319Z] Platform:      win32
[debug] [2021-05-06T13:29:19.319Z] Node Version:  v14.13.1
[debug] [2021-05-06T13:29:19.327Z] Time:          Thu May 06 2021 14:29:19 GMT+0100 (British Summer Time)
[debug] [2021-05-06T13:29:19.328Z] ----------------------------------------------------------------------
[debug] [2021-05-06T13:29:19.328Z] 
[debug] [2021-05-06T13:29:19.332Z] >>> [apiv2][query] GET https://firebase-public.firebaseio.com/cli.json [none]
[debug] [2021-05-06T13:29:19.368Z] > command requires scopes: ["email","openid","https://www.googleapis.com/auth/cloudplatformprojects.readonly","https://www.googleapis.com/auth/firebase","https://www.googleapis.com/auth/cloud-platform"]
[debug] [2021-05-06T13:29:19.369Z] > authorizing via signed-in user
[info] i  emulators: Starting emulators: functions {"metadata":{"emulator":{"name":"hub"},"message":"Starting emulators: functions"}}
[debug] [2021-05-06T13:29:19.403Z] [hub] writing locator at C:\Users\ABDULL~1\AppData\Local\Temp\hub-azoq-world.json
[warn] !  functions: The following emulators are not running, calls to these services from the Functions emulator will affect production: auth, firestore, database, hosting, pubsub {"metadata":{"emulator":{"name":"functions"},"message":"The following emulators are not running, calls to these services from the Functions emulator will affect production: \u001b[1mauth, firestore, database, hosting, pubsub\u001b[22m"}}
[warn] !  Your requested "node" version "12" doesn't match your global version "14" {"metadata":{"emulator":{"name":"functions"},"message":"Your requested \"node\" version \"12\" doesn't match your global version \"14\""}}
[debug] [2021-05-06T13:29:19.465Z] defaultcredentials: writing to file C:\Users\Abdullahi shidane\AppData\Roaming\firebase\shidaneabdullahi_gmail_com_application_default_credentials.json
[debug] [2021-05-06T13:29:19.477Z] Setting GAC to C:\Users\Abdullahi shidane\AppData\Roaming\firebase\shidaneabdullahi_gmail_com_application_default_credentials.json {"metadata":{"emulator":{"name":"functions"},"message":"Setting GAC to C:\\Users\\Abdullahi shidane\\AppData\\Roaming\\firebase\\shidaneabdullahi_gmail_com_application_default_credentials.json"}}
[debug] [2021-05-06T13:29:19.482Z] > refreshing access token with scopes: []
[debug] [2021-05-06T13:29:19.483Z] >>> HTTP REQUEST POST https://www.googleapis.com/oauth2/v3/token  
 <request body omitted>
[debug] [2021-05-06T13:29:19.578Z] <<< HTTP RESPONSE 200 {"pragma":"no-cache","cache-control":"no-cache, no-store, max-age=0, must-revalidate","date":"Thu, 06 May 2021 13:29:20 GMT","expires":"Mon, 01 Jan 1990 00:00:00 GMT","content-type":"application/json; charset=utf-8","vary":"X-Origin, Referer, Origin,Accept-Encoding","server":"scaffolding on HTTPServer2","x-xss-protection":"0","x-frame-options":"SAMEORIGIN","x-content-type-options":"nosniff","alt-svc":"h3-29=\":443\"; ma=2592000,h3-T051=\":443\"; ma=2592000,h3-Q050=\":443\"; ma=2592000,h3-Q046=\":443\"; ma=2592000,h3-Q043=\":443\"; ma=2592000,quic=\":443\"; ma=2592000; v=\"46,43\"","accept-ranges":"none","transfer-encoding":"chunked"}
[debug] [2021-05-06T13:29:19.624Z] >>> [apiv2][query] GET https://firebase.googleapis.com/v1beta1/projects/azoq-world/adminSdkConfig [none]
[debug] [2021-05-06T13:29:19.864Z] <<< [apiv2][status] GET https://firebase-public.firebaseio.com/cli.json 200
[debug] [2021-05-06T13:29:19.864Z] <<< [apiv2][body] GET https://firebase-public.firebaseio.com/cli.json {"cloudBuildErrorAfter":1594252800000,"cloudBuildWarnAfter":1590019200000,"defaultNode10After":1594252800000,"minVersion":"3.0.5","node8DeploysDisabledAfter":1613390400000,"node8RuntimeDisabledAfter":1615809600000,"node8WarnAfter":1600128000000}
[debug] [2021-05-06T13:29:19.980Z] <<< [apiv2][status] GET https://firebase.googleapis.com/v1beta1/projects/azoq-world/adminSdkConfig 200
[debug] [2021-05-06T13:29:19.981Z] <<< [apiv2][body] GET https://firebase.googleapis.com/v1beta1/projects/azoq-world/adminSdkConfig {"projectId":"azoq-world","databaseURL":"https://azoq-world.firebaseio.com","storageBucket":"azoq-world.appspot.com","locationId":"europe-west"}
[debug] [2021-05-06T13:29:20.037Z] Ignoring unsupported arg: auto_download {"metadata":{"emulator":{"name":"ui"},"message":"Ignoring unsupported arg: auto_download"}}
[debug] [2021-05-06T13:29:20.038Z] Ignoring unsupported arg: port {"metadata":{"emulator":{"name":"ui"},"message":"Ignoring unsupported arg: port"}}
[debug] [2021-05-06T13:29:20.038Z] Starting Emulator UI with command {"binary":"node","args":["C:\\Users\\Abdullahi shidane\\.cache\\firebase\\emulators\\ui-v1.4.1\\server.bundle.js"],"optionalArgs":[],"joinArgs":false} {"metadata":{"emulator":{"name":"ui"},"message":"Starting Emulator UI with command {\"binary\":\"node\",\"args\":[\"C:\\\\Users\\\\Abdullahi shidane\\\\.cache\\\\firebase\\\\emulators\\\\ui-v1.4.1\\\\server.bundle.js\"],\"optionalArgs\":[],\"joinArgs\":false}"}}
[info] i  ui: Emulator UI logging to ui-debug.log {"metadata":{"emulator":{"name":"ui"},"message":"Emulator UI logging to \u001b[1mui-debug.log\u001b[22m"}}
[debug] [2021-05-06T13:29:20.241Z] Web / API server started at http://localhost:4000
 {"metadata":{"emulator":{"name":"ui"},"message":"Web / API server started at http://localhost:4000\n"}}
[info] i  functions: Watching "C:\Users\Abdullahi shidane\Documents\react\react\functions" for Cloud Functions... {"metadata":{"emulator":{"name":"functions"},"message":"Watching \"C:\\Users\\Abdullahi shidane\\Documents\\react\\react\\functions\" for Cloud Functions..."}}
[debug] [2021-05-06T13:29:20.378Z] [worker-pool] addWorker(~diagnostic~) {"metadata":{"emulator":{"name":"functions"},"message":"[worker-pool] addWorker(~diagnostic~)"}}
[debug] [2021-05-06T13:29:20.378Z] [worker-pool] Adding worker with key ~diagnostic~, total=1 {"metadata":{"emulator":{"name":"functions"},"message":"[worker-pool] Adding worker with key ~diagnostic~, total=1"}}
[debug] [2021-05-06T13:29:20.378Z] [worker-pool] submitWork(triggerId=) {"metadata":{"emulator":{"name":"functions"},"message":"[worker-pool] submitWork(triggerId=)"}}
[debug] [2021-05-06T13:29:20.379Z] [worker-~diagnostic~-2f70d900-229d-4fa9-af3c-2ed11e000b58]: Assigning socketPath: \\?\pipe\C:\Users\Abdullahi shidane\Documents\react\react\functions\12500 {"metadata":{"emulator":{"name":"functions"},"message":"[worker-~diagnostic~-2f70d900-229d-4fa9-af3c-2ed11e000b58]: Assigning socketPath: \\\\?\\pipe\\C:\\Users\\Abdullahi shidane\\Documents\\react\\react\\functions\\12500"}}
[debug] [2021-05-06T13:29:20.380Z] [worker-~diagnostic~-2f70d900-229d-4fa9-af3c-2ed11e000b58]: BUSY {"metadata":{"emulator":{"name":"functions"},"message":"[worker-~diagnostic~-2f70d900-229d-4fa9-af3c-2ed11e000b58]: BUSY"}}
[debug] [2021-05-06T13:29:20.746Z] [runtime-status] [12500] Functions runtime initialized. {"cwd":"C:\\Users\\Abdullahi shidane\\Documents\\react\\react\\functions","node_version":"14.13.1"} {"metadata":{"emulator":{"name":"functions"},"message":"[runtime-status] [12500] Functions runtime initialized. {\"cwd\":\"C:\\\\Users\\\\Abdullahi shidane\\\\Documents\\\\react\\\\react\\\\functions\",\"node_version\":\"14.13.1\"}"}}
[debug] [2021-05-06T13:29:20.746Z] [runtime-status] [12500] Disabled runtime features: undefined {"metadata":{"emulator":{"name":"functions"},"message":"[runtime-status] [12500] Disabled runtime features: undefined"}}
[debug] [2021-05-06T13:29:20.759Z] [runtime-status] [12500] Resolved module firebase-admin {"declared":true,"installed":true,"version":"9.4.2","resolution":"C:\\Users\\Abdullahi shidane\\Documents\\react\\react\\functions\\node_modules\\firebase-admin\\lib\\index.js"} {"metadata":{"emulator":{"name":"functions"},"message":"[runtime-status] [12500] Resolved module firebase-admin {\"declared\":true,\"installed\":true,\"version\":\"9.4.2\",\"resolution\":\"C:\\\\Users\\\\Abdullahi shidane\\\\Documents\\\\react\\\\react\\\\functions\\\\node_modules\\\\firebase-admin\\\\lib\\\\index.js\"}"}}
[debug] [2021-05-06T13:29:20.765Z] [runtime-status] [12500] Resolved module firebase-functions {"declared":true,"installed":true,"version":"3.13.0","resolution":"C:\\Users\\Abdullahi shidane\\Documents\\react\\react\\functions\\node_modules\\firebase-functions\\lib\\index.js"} {"metadata":{"emulator":{"name":"functions"},"message":"[runtime-status] [12500] Resolved module firebase-functions {\"declared\":true,\"installed\":true,\"version\":\"3.13.0\",\"resolution\":\"C:\\\\Users\\\\Abdullahi shidane\\\\Documents\\\\react\\\\react\\\\functions\\\\node_modules\\\\firebase-functions\\\\lib\\\\index.js\"}"}}
[debug] [2021-05-06T13:29:20.767Z] [runtime-status] [12500] Resolved module firebase-functions {"declared":true,"installed":true,"version":"3.13.0","resolution":"C:\\Users\\Abdullahi shidane\\Documents\\react\\react\\functions\\node_modules\\firebase-functions\\lib\\index.js"} {"metadata":{"emulator":{"name":"functions"},"message":"[runtime-status] [12500] Resolved module firebase-functions {\"declared\":true,\"installed\":true,\"version\":\"3.13.0\",\"resolution\":\"C:\\\\Users\\\\Abdullahi shidane\\\\Documents\\\\react\\\\react\\\\functions\\\\node_modules\\\\firebase-functions\\\\lib\\\\index.js\"}"}}
[debug] [2021-05-06T13:29:20.770Z] [runtime-status] [12500] Outgoing network have been stubbed. [{"name":"http","status":"mocked"},{"name":"http","status":"mocked"},{"name":"https","status":"mocked"},{"name":"https","status":"mocked"},{"name":"net","status":"mocked"}] {"metadata":{"emulator":{"name":"functions"},"message":"[runtime-status] [12500] Outgoing network have been stubbed. [{\"name\":\"http\",\"status\":\"mocked\"},{\"name\":\"http\",\"status\":\"mocked\"},{\"name\":\"https\",\"status\":\"mocked\"},{\"name\":\"https\",\"status\":\"mocked\"},{\"name\":\"net\",\"status\":\"mocked\"}]"}}
[debug] [2021-05-06T13:29:20.771Z] [runtime-status] [12500] Resolved module firebase-functions {"declared":true,"installed":true,"version":"3.13.0","resolution":"C:\\Users\\Abdullahi shidane\\Documents\\react\\react\\functions\\node_modules\\firebase-functions\\lib\\index.js"} {"metadata":{"emulator":{"name":"functions"},"message":"[runtime-status] [12500] Resolved module firebase-functions {\"declared\":true,\"installed\":true,\"version\":\"3.13.0\",\"resolution\":\"C:\\\\Users\\\\Abdullahi shidane\\\\Documents\\\\react\\\\react\\\\functions\\\\node_modules\\\\firebase-functions\\\\lib\\\\index.js\"}"}}
[debug] [2021-05-06T13:29:20.899Z] [runtime-status] [12500] Checked functions.config() {"config":{}} {"metadata":{"emulator":{"name":"functions"},"message":"[runtime-status] [12500] Checked functions.config() {\"config\":{}}"}}
[debug] [2021-05-06T13:29:20.900Z] [runtime-status] [12500] firebase-functions has been stubbed. {"functionsResolution":{"declared":true,"installed":true,"version":"3.13.0","resolution":"C:\\Users\\Abdullahi shidane\\Documents\\react\\react\\functions\\node_modules\\firebase-functions\\lib\\index.js"}} {"metadata":{"emulator":{"name":"functions"},"message":"[runtime-status] [12500] firebase-functions has been stubbed. {\"functionsResolution\":{\"declared\":true,\"installed\":true,\"version\":\"3.13.0\",\"resolution\":\"C:\\\\Users\\\\Abdullahi shidane\\\\Documents\\\\react\\\\react\\\\functions\\\\node_modules\\\\firebase-functions\\\\lib\\\\index.js\"}}"}}
[debug] [2021-05-06T13:29:20.901Z] [runtime-status] [12500] Resolved module firebase-functions {"declared":true,"installed":true,"version":"3.13.0","resolution":"C:\\Users\\Abdullahi shidane\\Documents\\react\\react\\functions\\node_modules\\firebase-functions\\lib\\index.js"} {"metadata":{"emulator":{"name":"functions"},"message":"[runtime-status] [12500] Resolved module firebase-functions {\"declared\":true,\"installed\":true,\"version\":\"3.13.0\",\"resolution\":\"C:\\\\Users\\\\Abdullahi shidane\\\\Documents\\\\react\\\\react\\\\functions\\\\node_modules\\\\firebase-functions\\\\lib\\\\index.js\"}"}}
[debug] [2021-05-06T13:29:20.903Z] [runtime-status] [12500] Resolved module firebase-admin {"declared":true,"installed":true,"version":"9.4.2","resolution":"C:\\Users\\Abdullahi shidane\\Documents\\react\\react\\functions\\node_modules\\firebase-admin\\lib\\index.js"} {"metadata":{"emulator":{"name":"functions"},"message":"[runtime-status] [12500] Resolved module firebase-admin {\"declared\":true,\"installed\":true,\"version\":\"9.4.2\",\"resolution\":\"C:\\\\Users\\\\Abdullahi shidane\\\\Documents\\\\react\\\\react\\\\functions\\\\node_modules\\\\firebase-admin\\\\lib\\\\index.js\"}"}}
[debug] [2021-05-06T13:29:20.904Z] [runtime-status] [12500] Resolved module firebase-functions {"declared":true,"installed":true,"version":"3.13.0","resolution":"C:\\Users\\Abdullahi shidane\\Documents\\react\\react\\functions\\node_modules\\firebase-functions\\lib\\index.js"} {"metadata":{"emulator":{"name":"functions"},"message":"[runtime-status] [12500] Resolved module firebase-functions {\"declared\":true,\"installed\":true,\"version\":\"3.13.0\",\"resolution\":\"C:\\\\Users\\\\Abdullahi shidane\\\\Documents\\\\react\\\\react\\\\functions\\\\node_modules\\\\firebase-functions\\\\lib\\\\index.js\"}"}}
[debug] [2021-05-06T13:29:20.905Z] [runtime-status] [12500] firebase-admin has been stubbed. {"adminResolution":{"declared":true,"installed":true,"version":"9.4.2","resolution":"C:\\Users\\Abdullahi shidane\\Documents\\react\\react\\functions\\node_modules\\firebase-admin\\lib\\index.js"}} {"metadata":{"emulator":{"name":"functions"},"message":"[runtime-status] [12500] firebase-admin has been stubbed. {\"adminResolution\":{\"declared\":true,\"installed\":true,\"version\":\"9.4.2\",\"resolution\":\"C:\\\\Users\\\\Abdullahi shidane\\\\Documents\\\\react\\\\react\\\\functions\\\\node_modules\\\\firebase-admin\\\\lib\\\\index.js\"}}"}}
[info] +  functions[api]: http function initialized (http://localhost:5001/azoq-world/us-central1/api). {"metadata":{"emulator":{"name":"functions"},"message":"\u001b[1mhttp\u001b[22m function initialized (http://localhost:5001/azoq-world/us-central1/api)."}}
[info] 
┌─────────────────────────────────────────────────────────────┐
│ ✔  All emulators ready! It is now safe to connect your app. │
│ i  View Emulator UI at http://localhost:4000                │
└─────────────────────────────────────────────────────────────┘

┌───────────┬────────────────┬─────────────────────────────────┐
│ Emulator  │ Host:Port      │ View in Emulator UI             │
├───────────┼────────────────┼─────────────────────────────────┤
│ Functions │ localhost:5001 │ http://localhost:4000/functions │
└───────────┴────────────────┴─────────────────────────────────┘
  Emulator Hub running at localhost:4400
  Other reserved ports: 4500

Issues? Report them at https://github.com/firebase/firebase-tools/issues and attach the *-debug.log files.
 
[debug] [2021-05-06T13:29:21.550Z] [worker-~diagnostic~-2f70d900-229d-4fa9-af3c-2ed11e000b58]: IDLE {"metadata":{"emulator":{"name":"functions"},"message":"[worker-~diagnostic~-2f70d900-229d-4fa9-af3c-2ed11e000b58]: IDLE"}}
[debug] [2021-05-06T16:06:00.320Z] [worker-~diagnostic~-2f70d900-229d-4fa9-af3c-2ed11e000b58]: exited {"metadata":{"emulator":{"name":"functions"},"message":"[worker-~diagnostic~-2f70d900-229d-4fa9-af3c-2ed11e000b58]: exited"}}
[debug] [2021-05-10T08:46:04.164Z] ----------------------------------------------------------------------
[debug] [2021-05-10T08:46:04.171Z] Command:       C:\Program Files\nodejs\node.exe C:\Users\Abdullahi shidane\AppData\Roaming\npm\node_modules\firebase-tools\lib\bin\firebase.js emulators:start --only functions
[debug] [2021-05-10T08:46:04.172Z] CLI Version:   9.4.0
[debug] [2021-05-10T08:46:04.172Z] Platform:      win32
[debug] [2021-05-10T08:46:04.172Z] Node Version:  v14.13.1
[debug] [2021-05-10T08:46:04.176Z] Time:          Mon May 10 2021 09:46:04 GMT+0100 (British Summer Time)
[debug] [2021-05-10T08:46:04.176Z] ----------------------------------------------------------------------
[debug] [2021-05-10T08:46:04.177Z] 
[debug] [2021-05-10T08:46:04.186Z] >>> [apiv2][query] GET https://firebase-public.firebaseio.com/cli.json [none]
[debug] [2021-05-10T08:46:04.261Z] > command requires scopes: ["email","openid","https://www.googleapis.com/auth/cloudplatformprojects.readonly","https://www.googleapis.com/auth/firebase","https://www.googleapis.com/auth/cloud-platform"]
[debug] [2021-05-10T08:46:04.264Z] > authorizing via signed-in user
[info] i  emulators: Starting emulators: functions {"metadata":{"emulator":{"name":"hub"},"message":"Starting emulators: functions"}}
[warn] !  emulators: It seems that you are running multiple instances of the emulator suite for project azoq-world. This may result in unexpected behavior. 
[debug] [2021-05-10T08:46:04.318Z] [hub] writing locator at C:\Users\ABDULL~1\AppData\Local\Temp\hub-azoq-world.json
[warn] !  functions: The following emulators are not running, calls to these services from the Functions emulator will affect production: auth, firestore, database, hosting, pubsub {"metadata":{"emulator":{"name":"functions"},"message":"The following emulators are not running, calls to these services from the Functions emulator will affect production: \u001b[1mauth, firestore, database, hosting, pubsub\u001b[22m"}}
[warn] !  Your requested "node" version "12" doesn't match your global version "14" {"metadata":{"emulator":{"name":"functions"},"message":"Your requested \"node\" version \"12\" doesn't match your global version \"14\""}}
[debug] [2021-05-10T08:46:04.391Z] defaultcredentials: writing to file C:\Users\Abdullahi shidane\AppData\Roaming\firebase\shidaneabdullahi_gmail_com_application_default_credentials.json
[debug] [2021-05-10T08:46:04.398Z] Setting GAC to C:\Users\Abdullahi shidane\AppData\Roaming\firebase\shidaneabdullahi_gmail_com_application_default_credentials.json {"metadata":{"emulator":{"name":"functions"},"message":"Setting GAC to C:\\Users\\Abdullahi shidane\\AppData\\Roaming\\firebase\\shidaneabdullahi_gmail_com_application_default_credentials.json"}}
[debug] [2021-05-10T08:46:04.401Z] > refreshing access token with scopes: []
[debug] [2021-05-10T08:46:04.403Z] >>> HTTP REQUEST POST https://www.googleapis.com/oauth2/v3/token  
 <request body omitted>
[debug] [2021-05-10T08:46:04.517Z] <<< HTTP RESPONSE 200 {"expires":"Mon, 01 Jan 1990 00:00:00 GMT","date":"Mon, 10 May 2021 08:46:04 GMT","cache-control":"no-cache, no-store, max-age=0, must-revalidate","pragma":"no-cache","content-type":"application/json; charset=utf-8","vary":"X-Origin, Referer, Origin,Accept-Encoding","server":"scaffolding on HTTPServer2","x-xss-protection":"0","x-frame-options":"SAMEORIGIN","x-content-type-options":"nosniff","alt-svc":"h3-29=\":443\"; ma=2592000,h3-T051=\":443\"; ma=2592000,h3-Q050=\":443\"; ma=2592000,h3-Q046=\":443\"; ma=2592000,h3-Q043=\":443\"; ma=2592000,quic=\":443\"; ma=2592000; v=\"46,43\"","accept-ranges":"none","transfer-encoding":"chunked"}
[debug] [2021-05-10T08:46:04.530Z] >>> [apiv2][query] GET https://firebase.googleapis.com/v1beta1/projects/azoq-world/adminSdkConfig [none]
[debug] [2021-05-10T08:46:04.827Z] <<< [apiv2][status] GET https://firebase-public.firebaseio.com/cli.json 200
[debug] [2021-05-10T08:46:04.829Z] <<< [apiv2][body] GET https://firebase-public.firebaseio.com/cli.json {"cloudBuildErrorAfter":1594252800000,"cloudBuildWarnAfter":1590019200000,"defaultNode10After":1594252800000,"minVersion":"3.0.5","node8DeploysDisabledAfter":1613390400000,"node8RuntimeDisabledAfter":1615809600000,"node8WarnAfter":1600128000000}
[debug] [2021-05-10T08:46:05.128Z] <<< [apiv2][status] GET https://firebase.googleapis.com/v1beta1/projects/azoq-world/adminSdkConfig 200
[debug] [2021-05-10T08:46:05.129Z] <<< [apiv2][body] GET https://firebase.googleapis.com/v1beta1/projects/azoq-world/adminSdkConfig {"projectId":"azoq-world","databaseURL":"https://azoq-world.firebaseio.com","storageBucket":"azoq-world.appspot.com","locationId":"europe-west"}
[debug] [2021-05-10T08:46:05.167Z] Ignoring unsupported arg: auto_download {"metadata":{"emulator":{"name":"ui"},"message":"Ignoring unsupported arg: auto_download"}}
[debug] [2021-05-10T08:46:05.167Z] Ignoring unsupported arg: port {"metadata":{"emulator":{"name":"ui"},"message":"Ignoring unsupported arg: port"}}
[debug] [2021-05-10T08:46:05.168Z] Starting Emulator UI with command {"binary":"node","args":["C:\\Users\\Abdullahi shidane\\.cache\\firebase\\emulators\\ui-v1.4.1\\server.bundle.js"],"optionalArgs":[],"joinArgs":false} {"metadata":{"emulator":{"name":"ui"},"message":"Starting Emulator UI with command {\"binary\":\"node\",\"args\":[\"C:\\\\Users\\\\Abdullahi shidane\\\\.cache\\\\firebase\\\\emulators\\\\ui-v1.4.1\\\\server.bundle.js\"],\"optionalArgs\":[],\"joinArgs\":false}"}}
[info] i  ui: Emulator UI logging to ui-debug.log {"metadata":{"emulator":{"name":"ui"},"message":"Emulator UI logging to \u001b[1mui-debug.log\u001b[22m"}}
[debug] [2021-05-10T08:46:05.447Z] Web / API server started at http://localhost:4000
 {"metadata":{"emulator":{"name":"ui"},"message":"Web / API server started at http://localhost:4000\n"}}
[info] i  functions: Watching "C:\Users\Abdullahi shidane\Documents\react\react\functions" for Cloud Functions... {"metadata":{"emulator":{"name":"functions"},"message":"Watching \"C:\\Users\\Abdullahi shidane\\Documents\\react\\react\\functions\" for Cloud Functions..."}}
[debug] [2021-05-10T08:46:05.497Z] [worker-pool] addWorker(~diagnostic~) {"metadata":{"emulator":{"name":"functions"},"message":"[worker-pool] addWorker(~diagnostic~)"}}
[debug] [2021-05-10T08:46:05.497Z] [worker-pool] Adding worker with key ~diagnostic~, total=1 {"metadata":{"emulator":{"name":"functions"},"message":"[worker-pool] Adding worker with key ~diagnostic~, total=1"}}
[debug] [2021-05-10T08:46:05.498Z] [worker-pool] submitWork(triggerId=) {"metadata":{"emulator":{"name":"functions"},"message":"[worker-pool] submitWork(triggerId=)"}}
[debug] [2021-05-10T08:46:05.499Z] [worker-~diagnostic~-ef08e17a-f878-4f0c-8c31-9430ec5103ee]: Assigning socketPath: \\?\pipe\C:\Users\Abdullahi shidane\Documents\react\react\functions\27380 {"metadata":{"emulator":{"name":"functions"},"message":"[worker-~diagnostic~-ef08e17a-f878-4f0c-8c31-9430ec5103ee]: Assigning socketPath: \\\\?\\pipe\\C:\\Users\\Abdullahi shidane\\Documents\\react\\react\\functions\\27380"}}
[debug] [2021-05-10T08:46:05.500Z] [worker-~diagnostic~-ef08e17a-f878-4f0c-8c31-9430ec5103ee]: BUSY {"metadata":{"emulator":{"name":"functions"},"message":"[worker-~diagnostic~-ef08e17a-f878-4f0c-8c31-9430ec5103ee]: BUSY"}}
[debug] [2021-05-10T08:46:05.961Z] [runtime-status] [27380] Functions runtime initialized. {"cwd":"C:\\Users\\Abdullahi shidane\\Documents\\react\\react\\functions","node_version":"14.13.1"} {"metadata":{"emulator":{"name":"functions"},"message":"[runtime-status] [27380] Functions runtime initialized. {\"cwd\":\"C:\\\\Users\\\\Abdullahi shidane\\\\Documents\\\\react\\\\react\\\\functions\",\"node_version\":\"14.13.1\"}"}}
[debug] [2021-05-10T08:46:05.962Z] [runtime-status] [27380] Disabled runtime features: undefined {"metadata":{"emulator":{"name":"functions"},"message":"[runtime-status] [27380] Disabled runtime features: undefined"}}
[debug] [2021-05-10T08:46:05.970Z] [runtime-status] [27380] Resolved module firebase-admin {"declared":true,"installed":true,"version":"9.4.2","resolution":"C:\\Users\\Abdullahi shidane\\Documents\\react\\react\\functions\\node_modules\\firebase-admin\\lib\\index.js"} {"metadata":{"emulator":{"name":"functions"},"message":"[runtime-status] [27380] Resolved module firebase-admin {\"declared\":true,\"installed\":true,\"version\":\"9.4.2\",\"resolution\":\"C:\\\\Users\\\\Abdullahi shidane\\\\Documents\\\\react\\\\react\\\\functions\\\\node_modules\\\\firebase-admin\\\\lib\\\\index.js\"}"}}
[debug] [2021-05-10T08:46:05.976Z] [runtime-status] [27380] Resolved module firebase-functions {"declared":true,"installed":true,"version":"3.13.0","resolution":"C:\\Users\\Abdullahi shidane\\Documents\\react\\react\\functions\\node_modules\\firebase-functions\\lib\\index.js"} {"metadata":{"emulator":{"name":"functions"},"message":"[runtime-status] [27380] Resolved module firebase-functions {\"declared\":true,\"installed\":true,\"version\":\"3.13.0\",\"resolution\":\"C:\\\\Users\\\\Abdullahi shidane\\\\Documents\\\\react\\\\react\\\\functions\\\\node_modules\\\\firebase-functions\\\\lib\\\\index.js\"}"}}
[debug] [2021-05-10T08:46:05.980Z] [runtime-status] [27380] Resolved module firebase-functions {"declared":true,"installed":true,"version":"3.13.0","resolution":"C:\\Users\\Abdullahi shidane\\Documents\\react\\react\\functions\\node_modules\\firebase-functions\\lib\\index.js"} {"metadata":{"emulator":{"name":"functions"},"message":"[runtime-status] [27380] Resolved module firebase-functions {\"declared\":true,\"installed\":true,\"version\":\"3.13.0\",\"resolution\":\"C:\\\\Users\\\\Abdullahi shidane\\\\Documents\\\\react\\\\react\\\\functions\\\\node_modules\\\\firebase-functions\\\\lib\\\\index.js\"}"}}
[debug] [2021-05-10T08:46:05.984Z] [runtime-status] [27380] Outgoing network have been stubbed. [{"name":"http","status":"mocked"},{"name":"http","status":"mocked"},{"name":"https","status":"mocked"},{"name":"https","status":"mocked"},{"name":"net","status":"mocked"}] {"metadata":{"emulator":{"name":"functions"},"message":"[runtime-status] [27380] Outgoing network have been stubbed. [{\"name\":\"http\",\"status\":\"mocked\"},{\"name\":\"http\",\"status\":\"mocked\"},{\"name\":\"https\",\"status\":\"mocked\"},{\"name\":\"https\",\"status\":\"mocked\"},{\"name\":\"net\",\"status\":\"mocked\"}]"}}
[debug] [2021-05-10T08:46:05.985Z] [runtime-status] [27380] Resolved module firebase-functions {"declared":true,"installed":true,"version":"3.13.0","resolution":"C:\\Users\\Abdullahi shidane\\Documents\\react\\react\\functions\\node_modules\\firebase-functions\\lib\\index.js"} {"metadata":{"emulator":{"name":"functions"},"message":"[runtime-status] [27380] Resolved module firebase-functions {\"declared\":true,\"installed\":true,\"version\":\"3.13.0\",\"resolution\":\"C:\\\\Users\\\\Abdullahi shidane\\\\Documents\\\\react\\\\react\\\\functions\\\\node_modules\\\\firebase-functions\\\\lib\\\\index.js\"}"}}
[debug] [2021-05-10T08:46:06.129Z] [runtime-status] [27380] Checked functions.config() {"config":{}} {"metadata":{"emulator":{"name":"functions"},"message":"[runtime-status] [27380] Checked functions.config() {\"config\":{}}"}}
[debug] [2021-05-10T08:46:06.130Z] [runtime-status] [27380] firebase-functions has been stubbed. {"functionsResolution":{"declared":true,"installed":true,"version":"3.13.0","resolution":"C:\\Users\\Abdullahi shidane\\Documents\\react\\react\\functions\\node_modules\\firebase-functions\\lib\\index.js"}} {"metadata":{"emulator":{"name":"functions"},"message":"[runtime-status] [27380] firebase-functions has been stubbed. {\"functionsResolution\":{\"declared\":true,\"installed\":true,\"version\":\"3.13.0\",\"resolution\":\"C:\\\\Users\\\\Abdullahi shidane\\\\Documents\\\\react\\\\react\\\\functions\\\\node_modules\\\\firebase-functions\\\\lib\\\\index.js\"}}"}}
[debug] [2021-05-10T08:46:06.131Z] [runtime-status] [27380] Resolved module firebase-functions {"declared":true,"installed":true,"version":"3.13.0","resolution":"C:\\Users\\Abdullahi shidane\\Documents\\react\\react\\functions\\node_modules\\firebase-functions\\lib\\index.js"} {"metadata":{"emulator":{"name":"functions"},"message":"[runtime-status] [27380] Resolved module firebase-functions {\"declared\":true,\"installed\":true,\"version\":\"3.13.0\",\"resolution\":\"C:\\\\Users\\\\Abdullahi shidane\\\\Documents\\\\react\\\\react\\\\functions\\\\node_modules\\\\firebase-functions\\\\lib\\\\index.js\"}"}}
[debug] [2021-05-10T08:46:06.134Z] [runtime-status] [27380] Resolved module firebase-admin {"declared":true,"installed":true,"version":"9.4.2","resolution":"C:\\Users\\Abdullahi shidane\\Documents\\react\\react\\functions\\node_modules\\firebase-admin\\lib\\index.js"} {"metadata":{"emulator":{"name":"functions"},"message":"[runtime-status] [27380] Resolved module firebase-admin {\"declared\":true,\"installed\":true,\"version\":\"9.4.2\",\"resolution\":\"C:\\\\Users\\\\Abdullahi shidane\\\\Documents\\\\react\\\\react\\\\functions\\\\node_modules\\\\firebase-admin\\\\lib\\\\index.js\"}"}}
[debug] [2021-05-10T08:46:06.135Z] [runtime-status] [27380] Resolved module firebase-functions {"declared":true,"installed":true,"version":"3.13.0","resolution":"C:\\Users\\Abdullahi shidane\\Documents\\react\\react\\functions\\node_modules\\firebase-functions\\lib\\index.js"} {"metadata":{"emulator":{"name":"functions"},"message":"[runtime-status] [27380] Resolved module firebase-functions {\"declared\":true,\"installed\":true,\"version\":\"3.13.0\",\"resolution\":\"C:\\\\Users\\\\Abdullahi shidane\\\\Documents\\\\react\\\\react\\\\functions\\\\node_modules\\\\firebase-functions\\\\lib\\\\index.js\"}"}}
[debug] [2021-05-10T08:46:06.135Z] [runtime-status] [27380] firebase-admin has been stubbed. {"adminResolution":{"declared":true,"installed":true,"version":"9.4.2","resolution":"C:\\Users\\Abdullahi shidane\\Documents\\react\\react\\functions\\node_modules\\firebase-admin\\lib\\index.js"}} {"metadata":{"emulator":{"name":"functions"},"message":"[runtime-status] [27380] firebase-admin has been stubbed. {\"adminResolution\":{\"declared\":true,\"installed\":true,\"version\":\"9.4.2\",\"resolution\":\"C:\\\\Users\\\\Abdullahi shidane\\\\Documents\\\\react\\\\react\\\\functions\\\\node_modules\\\\firebase-admin\\\\lib\\\\index.js\"}}"}}
[info] +  functions[api]: http function initialized (http://localhost:5001/azoq-world/us-central1/api). {"metadata":{"emulator":{"name":"functions"},"message":"\u001b[1mhttp\u001b[22m function initialized (http://localhost:5001/azoq-world/us-central1/api)."}}
[info] 
┌─────────────────────────────────────────────────────────────┐
│ ✔  All emulators ready! It is now safe to connect your app. │
│ i  View Emulator UI at http://localhost:4000                │
└─────────────────────────────────────────────────────────────┘

┌───────────┬────────────────┬─────────────────────────────────┐
│ Emulator  │ Host:Port      │ View in Emulator UI             │
├───────────┼────────────────┼─────────────────────────────────┤
│ Functions │ localhost:5001 │ http://localhost:4000/functions │
└───────────┴────────────────┴─────────────────────────────────┘
  Emulator Hub running at localhost:4400
  Other reserved ports: 4500

Issues? Report them at https://github.com/firebase/firebase-tools/issues and attach the *-debug.log files.
 
[debug] [2021-05-10T08:46:06.724Z] [worker-~diagnostic~-ef08e17a-f878-4f0c-8c31-9430ec5103ee]: IDLE {"metadata":{"emulator":{"name":"functions"},"message":"[worker-~diagnostic~-ef08e17a-f878-4f0c-8c31-9430ec5103ee]: IDLE"}}
[debug] [2021-05-10T10:24:47.034Z] [worker-~diagnostic~-ef08e17a-f878-4f0c-8c31-9430ec5103ee]: exited {"metadata":{"emulator":{"name":"functions"},"message":"[worker-~diagnostic~-ef08e17a-f878-4f0c-8c31-9430ec5103ee]: exited"}}
